<?xml version="1.0" encoding="UTF-8"?>
<!-- Generated by org.testng.reporters.JUnitXMLReporter -->
<testsuite ignored="0" hostname="WX-5CG1285KPX" failures="0" tests="7" name="Command line test" time="258.266" errors="0" timestamp="2022-05-13T09:42:52 IST">
  <testcase classname="espncricinfo.testing.streakTest" name="browserIniziate" time="9.891"/>
  <testcase classname="espncricinfo.testing.streakTest" name="navigateStreakurl" time="19.998"/>
  <testcase classname="espncricinfo.testing.streakTest" name="playGame" time="215.101"/>
  <testcase classname="espncricinfo.testing.streakTest" name="statusinfo" time="0.112"/>
  <testcase classname="espncricinfo.testing.streakTest" name="todaysquiz" time="10.184"/>
  <testcase classname="espncricinfo.testing.streakTest" name="gameresultcard" time="1.672"/>
  <testcase classname="espncricinfo.testing.streakTest" name="streakinfoText" time="1.24"/>
</testsuite> <!-- Command line test -->
