<?xml version="1.0" encoding="UTF-8" ?>
<testsuite tests="7" failures="0" name="espncricinfo.testing.streakTest" time="258.203" errors="0" skipped="0">
  <properties>
[...]
</properties>
  <testcase classname="espncricinfo.testing.streakTest" name="browserIniziate" time="9.9"/>
  <testcase classname="espncricinfo.testing.streakTest" name="navigateStreakurl" time="19.995"/>
  <testcase classname="espncricinfo.testing.streakTest" name="playGame" time="215.101"/>
  <testcase classname="espncricinfo.testing.streakTest" name="statusinfo" time="0.111"/>
  <testcase classname="espncricinfo.testing.streakTest" name="todaysquiz" time="10.183"/>
  <testcase classname="espncricinfo.testing.streakTest" name="gameresultcard" time="1.672"/>
  <testcase classname="espncricinfo.testing.streakTest" name="streakinfoText" time="1.241"/>
</testsuite>