<?xml version="1.0" encoding="UTF-8"?>
<!-- Generated by org.testng.reporters.JUnitXMLReporter -->
<testsuite ignored="1" hostname="WX-5CG1285KPX" failures="0" tests="1" name="Default test" time="13.505" errors="0" timestamp="2022-04-22T11:32:57 IST">
  <testcase classname="ESPNcricinfo.ESPNcricinfoprod.Home_page" name="test" time="13.472"/>
  <testcase classname="ESPNcricinfo.ESPNcricinfoprod.Home_page" name="HSB" time="0.0">
    <ignored/>
  </testcase> <!-- HSB -->
</testsuite> <!-- Default test -->
