<?xml version="1.0" encoding="UTF-8"?>
<testng-results ignored="0" total="2" passed="2" failed="0" skipped="0">
  <reporter-output>
  </reporter-output>
  <suite started-at="2022-05-17T11:43:26 IST" name="Default suite" finished-at="2022-05-17T11:43:59 IST" duration-ms="32141">
    <groups>
    </groups>
    <test started-at="2022-05-17T11:43:26 IST" name="Default test" finished-at="2022-05-17T11:43:59 IST" duration-ms="32141">
      <class name="espncricinfo.testing.Gamepage">
        <test-method signature="gamePage()[pri:1, instance:espncricinfo.testing.Gamepage@23c30a20]" started-at="2022-05-17T11:43:26 IST" name="gamePage" finished-at="2022-05-17T11:43:58 IST" duration-ms="31727" status="PASS">
          <reporter-output>
          </reporter-output>
        </test-method> <!-- gamePage -->
        <test-method signature="backendTest()[pri:2, instance:espncricinfo.testing.Gamepage@23c30a20]" started-at="2022-05-17T11:43:58 IST" name="backendTest" finished-at="2022-05-17T11:43:59 IST" duration-ms="360" status="PASS">
          <reporter-output>
          </reporter-output>
        </test-method> <!-- backendTest -->
      </class> <!-- espncricinfo.testing.Gamepage -->
    </test> <!-- Default test -->
  </suite> <!-- Default suite -->
</testng-results>
