<?xml version="1.0" encoding="UTF-8"?>
<!-- Generated by org.testng.reporters.JUnitXMLReporter -->
<testsuite ignored="0" hostname="WX-5CG1285KPX" failures="1" tests="5" name="Command line test" time="49.341" errors="0" timestamp="2022-03-18T23:32:40 IST">
  <testcase classname="cricinfoqatest.automationtesting.AutomationTest" name="Browser" time="0.394"/>
  <testcase classname="cricinfoqatest.automationtesting.CricinfoHomeTest" name="HSB" time="48.441">
    <failure type="java.lang.IllegalStateException" message="connect in progress">
      <![CDATA[java.lang.IllegalStateException: connect in progress
at java.base/sun.net.www.protocol.http.HttpURLConnection.setRequestMethod(HttpURLConnection.java:596)
at java.base/sun.net.www.protocol.https.HttpsURLConnectionImpl.setRequestMethod(HttpsURLConnectionImpl.java:344)
at cricinfoqatest.automationtesting.CricinfoHomeTest.HSB(CricinfoHomeTest.java:37)
at java.base/java.util.ArrayList.forEach(ArrayList.java:1511)
... Removed 37 stack frames]]>
    </failure>
  </testcase> <!-- HSB -->
  <testcase classname="cricinfoqatest.automationtesting.Testing2" name="getData" time="0.001"/>
  <testcase classname="cricinfoqatest.automationtesting.Testing2" name="putData" time="0.001"/>
  <testcase classname="cricinfoqatest.automationtesting.Testing2" name="setData" time="0.0"/>
</testsuite> <!-- Command line test -->
