<?xml version="1.0" encoding="UTF-8"?>
<!-- Generated by org.testng.reporters.JUnitXMLReporter -->
<testsuite ignored="0" hostname="WX-5CG1285KPX" failures="2" tests="2" name="Test" time="0.08" errors="0" timestamp="2022-04-21T12:49:39 IST">
  <testcase classname="Amazon.Selenium.Newshome" name="newsHome" time="0.015">
    <failure type="java.lang.NullPointerException" message="Cannot invoke &amp;quot;String.equalsIgnoreCase(String)&amp;quot; because &amp;quot;browserName&amp;quot; is null">
      <![CDATA[java.lang.NullPointerException: Cannot invoke "String.equalsIgnoreCase(String)" because "browserName" is null
at Amazon.Selenium.Browser.BrowserInstallation(Browser.java:27)
at Amazon.Selenium.Newshome.newsHome(Newshome.java:30)
at java.base/java.util.ArrayList.forEach(ArrayList.java:1511)
... Removed 27 stack frames]]>
    </failure>
  </testcase> <!-- newsHome -->
  <testcase classname="Amazon.Selenium.Newshome" name="newsHomeRhs" time="0.003">
    <failure type="java.lang.NullPointerException" message="Cannot invoke &amp;quot;String.equalsIgnoreCase(String)&amp;quot; because &amp;quot;browserName&amp;quot; is null">
      <![CDATA[java.lang.NullPointerException: Cannot invoke "String.equalsIgnoreCase(String)" because "browserName" is null
at Amazon.Selenium.Browser.BrowserInstallation(Browser.java:27)
at Amazon.Selenium.Newshome.newsHomeRhs(Newshome.java:95)
at java.base/java.util.ArrayList.forEach(ArrayList.java:1511)
... Removed 27 stack frames]]>
    </failure>
  </testcase> <!-- newsHomeRhs -->
</testsuite> <!-- Test -->
