<?xml version="1.0" encoding="UTF-8"?>
<testng-results ignored="0" total="5" passed="4" failed="1" skipped="0">
  <reporter-output>
  </reporter-output>
  <suite started-at="2022-03-18T23:31:51 IST" name="Command line suite" finished-at="2022-03-18T23:32:40 IST" duration-ms="49341">
    <groups>
    </groups>
    <test started-at="2022-03-18T23:31:51 IST" name="Command line test" finished-at="2022-03-18T23:32:40 IST" duration-ms="49341">
      <class name="cricinfoqatest.automationtesting.CricinfoHomeTest">
        <test-method signature="HSB()[pri:0, instance:cricinfoqatest.automationtesting.CricinfoHomeTest@6279cee3]" started-at="2022-03-18T23:31:51 IST" name="HSB" finished-at="2022-03-18T23:32:40 IST" duration-ms="48441" status="FAIL">
          <exception class="java.lang.IllegalStateException">
            <message>
              <![CDATA[connect in progress]]>
            </message>
            <full-stacktrace>
              <![CDATA[java.lang.IllegalStateException: connect in progress
at java.base/sun.net.www.protocol.http.HttpURLConnection.setRequestMethod(HttpURLConnection.java:596)
at java.base/sun.net.www.protocol.https.HttpsURLConnectionImpl.setRequestMethod(HttpsURLConnectionImpl.java:344)
at cricinfoqatest.automationtesting.CricinfoHomeTest.HSB(CricinfoHomeTest.java:37)
at java.base/jdk.internal.reflect.NativeMethodAccessorImpl.invoke0(Native Method)
at java.base/jdk.internal.reflect.NativeMethodAccessorImpl.invoke(NativeMethodAccessorImpl.java:77)
at java.base/jdk.internal.reflect.DelegatingMethodAccessorImpl.invoke(DelegatingMethodAccessorImpl.java:43)
at java.base/java.lang.reflect.Method.invoke(Method.java:568)
at org.testng.internal.invokers.MethodInvocationHelper.invokeMethod(MethodInvocationHelper.java:135)
at org.testng.internal.invokers.TestInvoker.invokeMethod(TestInvoker.java:673)
at org.testng.internal.invokers.TestInvoker.invokeTestMethod(TestInvoker.java:220)
at org.testng.internal.invokers.MethodRunner.runInSequence(MethodRunner.java:50)
at org.testng.internal.invokers.TestInvoker$MethodInvocationAgent.invoke(TestInvoker.java:945)
at org.testng.internal.invokers.TestInvoker.invokeTestMethods(TestInvoker.java:193)
at org.testng.internal.invokers.TestMethodWorker.invokeTestMethods(TestMethodWorker.java:146)
at org.testng.internal.invokers.TestMethodWorker.run(TestMethodWorker.java:128)
at java.base/java.util.ArrayList.forEach(ArrayList.java:1511)
at org.testng.TestRunner.privateRun(TestRunner.java:808)
at org.testng.TestRunner.run(TestRunner.java:603)
at org.testng.SuiteRunner.runTest(SuiteRunner.java:429)
at org.testng.SuiteRunner.runSequentially(SuiteRunner.java:423)
at org.testng.SuiteRunner.privateRun(SuiteRunner.java:383)
at org.testng.SuiteRunner.run(SuiteRunner.java:326)
at org.testng.SuiteRunnerWorker.runSuite(SuiteRunnerWorker.java:52)
at org.testng.SuiteRunnerWorker.run(SuiteRunnerWorker.java:95)
at org.testng.TestNG.runSuitesSequentially(TestNG.java:1249)
at org.testng.TestNG.runSuitesLocally(TestNG.java:1169)
at org.testng.TestNG.runSuites(TestNG.java:1092)
at org.testng.TestNG.run(TestNG.java:1060)
at org.apache.maven.surefire.testng.TestNGExecutor.run(TestNGExecutor.java:77)
at org.apache.maven.surefire.testng.TestNGDirectoryTestSuite.executeMulti(TestNGDirectoryTestSuite.java:159)
at org.apache.maven.surefire.testng.TestNGDirectoryTestSuite.execute(TestNGDirectoryTestSuite.java:99)
at org.apache.maven.surefire.testng.TestNGProvider.invoke(TestNGProvider.java:106)
at java.base/jdk.internal.reflect.NativeMethodAccessorImpl.invoke0(Native Method)
at java.base/jdk.internal.reflect.NativeMethodAccessorImpl.invoke(NativeMethodAccessorImpl.java:77)
at java.base/jdk.internal.reflect.DelegatingMethodAccessorImpl.invoke(DelegatingMethodAccessorImpl.java:43)
at java.base/java.lang.reflect.Method.invoke(Method.java:568)
at org.apache.maven.surefire.util.ReflectionUtils.invokeMethodWithArray(ReflectionUtils.java:189)
at org.apache.maven.surefire.booter.ProviderFactory$ProviderProxy.invoke(ProviderFactory.java:165)
at org.apache.maven.surefire.booter.ProviderFactory.invokeProvider(ProviderFactory.java:85)
at org.apache.maven.surefire.booter.ForkedBooter.runSuitesInProcess(ForkedBooter.java:115)
at org.apache.maven.surefire.booter.ForkedBooter.main(ForkedBooter.java:75)
]]>
            </full-stacktrace>
          </exception> <!-- java.lang.IllegalStateException -->
          <reporter-output>
          </reporter-output>
        </test-method> <!-- HSB -->
      </class> <!-- cricinfoqatest.automationtesting.CricinfoHomeTest -->
      <class name="cricinfoqatest.automationtesting.AutomationTest">
        <test-method is-config="true" signature="config()[pri:0, instance:cricinfoqatest.automationtesting.AutomationTest@7fe8ea47]" started-at="2022-03-18T23:31:51 IST" name="config" finished-at="2022-03-18T23:31:51 IST" duration-ms="443" status="PASS">
          <reporter-output>
          </reporter-output>
        </test-method> <!-- config -->
        <test-method signature="Browser()[pri:0, instance:cricinfoqatest.automationtesting.AutomationTest@7fe8ea47]" started-at="2022-03-18T23:31:51 IST" name="Browser" finished-at="2022-03-18T23:31:51 IST" duration-ms="394" status="PASS">
          <reporter-output>
          </reporter-output>
        </test-method> <!-- Browser -->
      </class> <!-- cricinfoqatest.automationtesting.AutomationTest -->
      <class name="cricinfoqatest.automationtesting.Testing2">
        <test-method signature="getData()[pri:0, instance:cricinfoqatest.automationtesting.Testing2@4206a205]" started-at="2022-03-18T23:32:40 IST" name="getData" finished-at="2022-03-18T23:32:40 IST" duration-ms="1" status="PASS">
          <reporter-output>
          </reporter-output>
        </test-method> <!-- getData -->
        <test-method signature="putData()[pri:0, instance:cricinfoqatest.automationtesting.Testing2@4206a205]" started-at="2022-03-18T23:32:40 IST" name="putData" finished-at="2022-03-18T23:32:40 IST" duration-ms="1" status="PASS">
          <reporter-output>
          </reporter-output>
        </test-method> <!-- putData -->
        <test-method signature="setData()[pri:0, instance:cricinfoqatest.automationtesting.Testing2@4206a205]" started-at="2022-03-18T23:32:40 IST" name="setData" finished-at="2022-03-18T23:32:40 IST" duration-ms="0" status="PASS">
          <reporter-output>
          </reporter-output>
        </test-method> <!-- setData -->
      </class> <!-- cricinfoqatest.automationtesting.Testing2 -->
    </test> <!-- Command line test -->
  </suite> <!-- Command line suite -->
</testng-results>
