<?xml version="1.0" encoding="UTF-8" ?>
<testsuite tests="5" failures="1" name="TestSuite" time="48.842" errors="0" skipped="0">
  <properties>
[...]
</properties>
  <testcase classname="cricinfoqatest.automationtesting.AutomationTest" name="Browser" time="0.397"/>
  <testcase classname="cricinfoqatest.automationtesting.CricinfoHomeTest" name="HSB" time="48.443">
    <failure message="connect in progress" type="java.lang.IllegalStateException">java.lang.IllegalStateException: connect in progress
	at java.base/sun.net.www.protocol.http.HttpURLConnection.setRequestMethod(HttpURLConnection.java:596)
	at java.base/sun.net.www.protocol.https.HttpsURLConnectionImpl.setRequestMethod(HttpsURLConnectionImpl.java:344)
	at cricinfoqatest.automationtesting.CricinfoHomeTest.HSB(CricinfoHomeTest.java:37)
</failure>
    <system-out>text/html
</system-out>
    <system-err>Starting ChromeDriver 98.0.4758.102 (273bf7ac8c909cde36982d27f66f3c70846a3718-refs/branch-heads/4758@{#1151}) on port 53626
Only local connections are allowed.
Please see https://chromedriver.chromium.org/security-considerations for suggestions on keeping ChromeDriver safe.
ChromeDriver was started successfully.
[1647626513.594][WARNING]: This version of ChromeDriver has not been tested with Chrome version 99.
Mar 18, 2022 11:31:53 PM org.openqa.selenium.remote.ProtocolHandshake createSession
INFO: Detected dialect: W3C
Mar 18, 2022 11:31:54 PM org.openqa.selenium.devtools.CdpVersionFinder findNearestMatch
WARNING: Unable to find an exact match for CDP version 99, so returning the closest version found: 97
Mar 18, 2022 11:31:54 PM org.openqa.selenium.devtools.CdpVersionFinder findNearestMatch
INFO: Found CDP implementation for version 99 of 97
</system-err>
  </testcase>
  <testcase classname="cricinfoqatest.automationtesting.Testing2" name="getData" time="0"/>
  <testcase classname="cricinfoqatest.automationtesting.Testing2" name="putData" time="0.002"/>
  <testcase classname="cricinfoqatest.automationtesting.Testing2" name="setData" time="0"/>
</testsuite>